{"/home/pierce/projects/removal.ninja/client/src/App.tsx": {"path":"/home/pierce/projects/removal.ninja/client/src/App.tsx","statementMap":{"0":{"start":{"line":12,"column":17},"end":{"line":12,"column":82}},"1":{"start":{"line":15,"column":2},"end":{"line":38,"column":4}}},"fnMap":{"0":{"name":"App","decl":{"start":{"line":14,"column":9},"end":{"line":14,"column":12}},"loc":{"start":{"line":14,"column":15},"end":{"line":39,"column":1}},"line":14}},"branchMap":{"0":{"loc":{"start":{"line":12,"column":17},"end":{"line":12,"column":82}},"type":"cond-expr","locations":[{"start":{"line":12,"column":58},"end":{"line":12,"column":69}},{"start":{"line":12,"column":72},"end":{"line":12,"column":82}}],"line":12}},"s":{"0":0,"1":0},"f":{"0":0},"b":{"0":[0,0]}}
,"/home/pierce/projects/removal.ninja/client/src/index.tsx": {"path":"/home/pierce/projects/removal.ninja/client/src/index.tsx","statementMap":{"0":{"start":{"line":7,"column":13},"end":{"line":9,"column":1}},"1":{"start":{"line":11,"column":0},"end":{"line":17,"column":2}}},"fnMap":{},"branchMap":{},"s":{"0":0,"1":0},"f":{},"b":{}}
,"/home/pierce/projects/removal.ninja/client/src/components/Header.tsx": {"path":"/home/pierce/projects/removal.ninja/client/src/components/Header.tsx","statementMap":{"0":{"start":{"line":5,"column":25},"end":{"line":83,"column":1}},"1":{"start":{"line":6,"column":18},"end":{"line":6,"column":30}},"2":{"start":{"line":7,"column":21},"end":{"line":7,"column":36}},"3":{"start":{"line":8,"column":27},"end":{"line":8,"column":48}},"4":{"start":{"line":10,"column":24},"end":{"line":13,"column":3}},"5":{"start":{"line":11,"column":4},"end":{"line":11,"column":28}},"6":{"start":{"line":11,"column":18},"end":{"line":11,"column":28}},"7":{"start":{"line":12,"column":4},"end":{"line":12,"column":59}},"8":{"start":{"line":15,"column":2},"end":{"line":82,"column":4}}},"fnMap":{"0":{"name":"(anonymous_0)","decl":{"start":{"line":5,"column":25},"end":{"line":5,"column":26}},"loc":{"start":{"line":5,"column":31},"end":{"line":83,"column":1}},"line":5},"1":{"name":"(anonymous_1)","decl":{"start":{"line":10,"column":24},"end":{"line":10,"column":25}},"loc":{"start":{"line":10,"column":53},"end":{"line":13,"column":3}},"line":10}},"branchMap":{"0":{"loc":{"start":{"line":11,"column":4},"end":{"line":11,"column":28}},"type":"if","locations":[{"start":{"line":11,"column":4},"end":{"line":11,"column":28}},{"start":{},"end":{}}],"line":11},"1":{"loc":{"start":{"line":38,"column":11},"end":{"line":53,"column":11}},"type":"binary-expr","locations":[{"start":{"line":38,"column":11},"end":{"line":38,"column":18}},{"start":{"line":39,"column":12},"end":{"line":52,"column":15}}],"line":38},"2":{"loc":{"start":{"line":57,"column":11},"end":{"line":78,"column":11}},"type":"cond-expr","locations":[{"start":{"line":58,"column":12},"end":{"line":69,"column":15}},{"start":{"line":71,"column":12},"end":{"line":77,"column":18}}],"line":57}},"s":{"0":0,"1":0,"2":0,"3":0,"4":0,"5":0,"6":0,"7":0,"8":0},"f":{"0":0,"1":0},"b":{"0":[0,0],"1":[0,0],"2":[0,0]}}
,"/home/pierce/projects/removal.ninja/client/src/pages/DataBrokers.tsx": {"path":"/home/pierce/projects/removal.ninja/client/src/pages/DataBrokers.tsx","statementMap":{"0":{"start":{"line":15,"column":34},"end":{"line":43,"column":1}},"1":{"start":{"line":51,"column":30},"end":{"line":268,"column":1}},"2":{"start":{"line":52,"column":18},"end":{"line":52,"column":30}},"3":{"start":{"line":53,"column":20},"end":{"line":53,"column":55}},"4":{"start":{"line":54,"column":20},"end":{"line":54,"column":35}},"5":{"start":{"line":55,"column":38},"end":{"line":55,"column":53}},"6":{"start":{"line":56,"column":34},"end":{"line":56,"column":49}},"7":{"start":{"line":57,"column":34},"end":{"line":61,"column":4}},"8":{"start":{"line":63,"column":28},"end":{"line":69,"column":3}},"9":{"start":{"line":64,"column":28},"end":{"line":64,"column":36}},"10":{"start":{"line":65,"column":4},"end":{"line":68,"column":8}},"11":{"start":{"line":65,"column":25},"end":{"line":68,"column":5}},"12":{"start":{"line":71,"column":23},"end":{"line":91,"column":3}},"13":{"start":{"line":72,"column":4},"end":{"line":72,"column":23}},"14":{"start":{"line":73,"column":4},"end":{"line":76,"column":5}},"15":{"start":{"line":74,"column":6},"end":{"line":74,"column":66}},"16":{"start":{"line":75,"column":6},"end":{"line":75,"column":13}},"17":{"start":{"line":78,"column":4},"end":{"line":78,"column":24}},"18":{"start":{"line":79,"column":4},"end":{"line":90,"column":5}},"19":{"start":{"line":81,"column":6},"end":{"line":81,"column":50}},"20":{"start":{"line":82,"column":6},"end":{"line":82,"column":105}},"21":{"start":{"line":83,"column":6},"end":{"line":83,"column":70}},"22":{"start":{"line":84,"column":6},"end":{"line":84,"column":25}},"23":{"start":{"line":86,"column":6},"end":{"line":86,"column":55}},"24":{"start":{"line":87,"column":6},"end":{"line":87,"column":39}},"25":{"start":{"line":89,"column":6},"end":{"line":89,"column":27}},"26":{"start":{"line":93,"column":24},"end":{"line":95,"column":3}},"27":{"start":{"line":94,"column":4},"end":{"line":94,"column":59}},"28":{"start":{"line":97,"column":2},"end":{"line":267,"column":4}},"29":{"start":{"line":109,"column":27},"end":{"line":109,"column":49}},"30":{"start":{"line":175,"column":31},"end":{"line":175,"column":49}},"31":{"start":{"line":193,"column":33},"end":{"line":193,"column":43}},"32":{"start":{"line":214,"column":14},"end":{"line":252,"column":20}}},"fnMap":{"0":{"name":"(anonymous_0)","decl":{"start":{"line":51,"column":30},"end":{"line":51,"column":31}},"loc":{"start":{"line":51,"column":36},"end":{"line":268,"column":1}},"line":51},"1":{"name":"(anonymous_1)","decl":{"start":{"line":63,"column":28},"end":{"line":63,"column":29}},"loc":{"start":{"line":63,"column":94},"end":{"line":69,"column":3}},"line":63},"2":{"name":"(anonymous_2)","decl":{"start":{"line":65,"column":16},"end":{"line":65,"column":17}},"loc":{"start":{"line":65,"column":25},"end":{"line":68,"column":5}},"line":65},"3":{"name":"(anonymous_3)","decl":{"start":{"line":71,"column":23},"end":{"line":71,"column":24}},"loc":{"start":{"line":71,"column":53},"end":{"line":91,"column":3}},"line":71},"4":{"name":"(anonymous_4)","decl":{"start":{"line":93,"column":24},"end":{"line":93,"column":25}},"loc":{"start":{"line":93,"column":53},"end":{"line":95,"column":3}},"line":93},"5":{"name":"(anonymous_5)","decl":{"start":{"line":109,"column":21},"end":{"line":109,"column":22}},"loc":{"start":{"line":109,"column":27},"end":{"line":109,"column":49}},"line":109},"6":{"name":"(anonymous_6)","decl":{"start":{"line":175,"column":25},"end":{"line":175,"column":26}},"loc":{"start":{"line":175,"column":31},"end":{"line":175,"column":49}},"line":175},"7":{"name":"(anonymous_7)","decl":{"start":{"line":193,"column":28},"end":{"line":193,"column":29}},"loc":{"start":{"line":193,"column":33},"end":{"line":193,"column":43}},"line":193},"8":{"name":"(anonymous_8)","decl":{"start":{"line":213,"column":25},"end":{"line":213,"column":26}},"loc":{"start":{"line":214,"column":14},"end":{"line":252,"column":20}},"line":214}},"branchMap":{"0":{"loc":{"start":{"line":73,"column":4},"end":{"line":76,"column":5}},"type":"if","locations":[{"start":{"line":73,"column":4},"end":{"line":76,"column":5}},{"start":{},"end":{}}],"line":73},"1":{"loc":{"start":{"line":107,"column":9},"end":{"line":114,"column":9}},"type":"binary-expr","locations":[{"start":{"line":107,"column":9},"end":{"line":107,"column":16}},{"start":{"line":108,"column":10},"end":{"line":113,"column":19}}],"line":107},"2":{"loc":{"start":{"line":112,"column":13},"end":{"line":112,"column":54}},"type":"cond-expr","locations":[{"start":{"line":112,"column":24},"end":{"line":112,"column":32}},{"start":{"line":112,"column":35},"end":{"line":112,"column":54}}],"line":112},"3":{"loc":{"start":{"line":118,"column":7},"end":{"line":183,"column":7}},"type":"binary-expr","locations":[{"start":{"line":118,"column":7},"end":{"line":118,"column":15}},{"start":{"line":119,"column":8},"end":{"line":182,"column":14}}],"line":118},"4":{"loc":{"start":{"line":170,"column":17},"end":{"line":170,"column":62}},"type":"binary-expr","locations":[{"start":{"line":170,"column":17},"end":{"line":170,"column":27}},{"start":{"line":170,"column":31},"end":{"line":170,"column":62}}],"line":170},"5":{"loc":{"start":{"line":207,"column":9},"end":{"line":255,"column":9}},"type":"cond-expr","locations":[{"start":{"line":208,"column":10},"end":{"line":210,"column":16}},{"start":{"line":212,"column":10},"end":{"line":254,"column":16}}],"line":207},"6":{"loc":{"start":{"line":217,"column":18},"end":{"line":217,"column":80}},"type":"cond-expr","locations":[{"start":{"line":217,"column":36},"end":{"line":217,"column":56}},{"start":{"line":217,"column":59},"end":{"line":217,"column":80}}],"line":217},"7":{"loc":{"start":{"line":234,"column":22},"end":{"line":234,"column":76}},"type":"cond-expr","locations":[{"start":{"line":234,"column":40},"end":{"line":234,"column":57}},{"start":{"line":234,"column":60},"end":{"line":234,"column":76}}],"line":234},"8":{"loc":{"start":{"line":236,"column":23},"end":{"line":236,"column":63}},"type":"cond-expr","locations":[{"start":{"line":236,"column":41},"end":{"line":236,"column":51}},{"start":{"line":236,"column":54},"end":{"line":236,"column":63}}],"line":236},"9":{"loc":{"start":{"line":258,"column":7},"end":{"line":265,"column":7}},"type":"binary-expr","locations":[{"start":{"line":258,"column":7},"end":{"line":258,"column":15}},{"start":{"line":259,"column":8},"end":{"line":264,"column":14}}],"line":258}},"s":{"0":0,"1":0,"2":0,"3":0,"4":0,"5":0,"6":0,"7":0,"8":0,"9":0,"10":0,"11":0,"12":0,"13":0,"14":0,"15":0,"16":0,"17":0,"18":0,"19":0,"20":0,"21":0,"22":0,"23":0,"24":0,"25":0,"26":0,"27":0,"28":0,"29":0,"30":0,"31":0,"32":0},"f":{"0":0,"1":0,"2":0,"3":0,"4":0,"5":0,"6":0,"7":0,"8":0},"b":{"0":[0,0],"1":[0,0],"2":[0,0],"3":[0,0],"4":[0,0],"5":[0,0],"6":[0,0],"7":[0,0],"8":[0,0],"9":[0,0]}}
,"/home/pierce/projects/removal.ninja/client/src/pages/Home.tsx": {"path":"/home/pierce/projects/removal.ninja/client/src/pages/Home.tsx","statementMap":{"0":{"start":{"line":5,"column":23},"end":{"line":134,"column":1}},"1":{"start":{"line":6,"column":18},"end":{"line":6,"column":30}},"2":{"start":{"line":8,"column":2},"end":{"line":133,"column":4}}},"fnMap":{"0":{"name":"(anonymous_0)","decl":{"start":{"line":5,"column":23},"end":{"line":5,"column":24}},"loc":{"start":{"line":5,"column":29},"end":{"line":134,"column":1}},"line":5}},"branchMap":{"0":{"loc":{"start":{"line":16,"column":9},"end":{"line":20,"column":9}},"type":"binary-expr","locations":[{"start":{"line":16,"column":9},"end":{"line":16,"column":17}},{"start":{"line":17,"column":10},"end":{"line":19,"column":14}}],"line":16},"1":{"loc":{"start":{"line":117,"column":9},"end":{"line":130,"column":9}},"type":"cond-expr","locations":[{"start":{"line":118,"column":10},"end":{"line":125,"column":16}},{"start":{"line":127,"column":10},"end":{"line":129,"column":14}}],"line":117}},"s":{"0":0,"1":0,"2":0},"f":{"0":0},"b":{"0":[0,0],"1":[0,0]}}
,"/home/pierce/projects/removal.ninja/client/src/pages/ProcessorDashboard.tsx": {"path":"/home/pierce/projects/removal.ninja/client/src/pages/ProcessorDashboard.tsx","statementMap":{"0":{"start":{"line":24,"column":39},"end":{"line":41,"column":1}},"1":{"start":{"line":43,"column":37},"end":{"line":319,"column":1}},"2":{"start":{"line":44,"column":18},"end":{"line":44,"column":30}},"3":{"start":{"line":45,"column":40},"end":{"line":45,"column":55}},"4":{"start":{"line":46,"column":26},"end":{"line":54,"column":4}},"5":{"start":{"line":55,"column":34},"end":{"line":58,"column":4}},"6":{"start":{"line":60,"column":24},"end":{"line":62,"column":3}},"7":{"start":{"line":61,"column":4},"end":{"line":61,"column":59}},"8":{"start":{"line":64,"column":28},"end":{"line":70,"column":3}},"9":{"start":{"line":65,"column":28},"end":{"line":65,"column":36}},"10":{"start":{"line":66,"column":4},"end":{"line":69,"column":8}},"11":{"start":{"line":66,"column":25},"end":{"line":69,"column":5}},"12":{"start":{"line":72,"column":25},"end":{"line":96,"column":3}},"13":{"start":{"line":73,"column":4},"end":{"line":73,"column":23}},"14":{"start":{"line":75,"column":4},"end":{"line":78,"column":5}},"15":{"start":{"line":76,"column":6},"end":{"line":76,"column":48}},"16":{"start":{"line":77,"column":6},"end":{"line":77,"column":13}},"17":{"start":{"line":80,"column":4},"end":{"line":83,"column":5}},"18":{"start":{"line":81,"column":6},"end":{"line":81,"column":54}},"19":{"start":{"line":82,"column":6},"end":{"line":82,"column":13}},"20":{"start":{"line":85,"column":4},"end":{"line":85,"column":25}},"21":{"start":{"line":86,"column":4},"end":{"line":95,"column":5}},"22":{"start":{"line":88,"column":6},"end":{"line":88,"column":57}},"23":{"start":{"line":89,"column":6},"end":{"line":89,"column":88}},"24":{"start":{"line":91,"column":6},"end":{"line":91,"column":62}},"25":{"start":{"line":92,"column":6},"end":{"line":92,"column":47}},"26":{"start":{"line":94,"column":6},"end":{"line":94,"column":28}},"27":{"start":{"line":98,"column":30},"end":{"line":102,"column":3}},"28":{"start":{"line":100,"column":4},"end":{"line":100,"column":50}},"29":{"start":{"line":101,"column":4},"end":{"line":101,"column":58}},"30":{"start":{"line":104,"column":2},"end":{"line":113,"column":3}},"31":{"start":{"line":105,"column":4},"end":{"line":112,"column":6}},"32":{"start":{"line":115,"column":2},"end":{"line":318,"column":4}},"33":{"start":{"line":233,"column":14},"end":{"line":279,"column":20}},"34":{"start":{"line":263,"column":39},"end":{"line":263,"column":80}},"35":{"start":{"line":271,"column":39},"end":{"line":271,"column":82}}},"fnMap":{"0":{"name":"(anonymous_0)","decl":{"start":{"line":43,"column":37},"end":{"line":43,"column":38}},"loc":{"start":{"line":43,"column":43},"end":{"line":319,"column":1}},"line":43},"1":{"name":"(anonymous_1)","decl":{"start":{"line":60,"column":24},"end":{"line":60,"column":25}},"loc":{"start":{"line":60,"column":53},"end":{"line":62,"column":3}},"line":60},"2":{"name":"(anonymous_2)","decl":{"start":{"line":64,"column":28},"end":{"line":64,"column":29}},"loc":{"start":{"line":64,"column":94},"end":{"line":70,"column":3}},"line":64},"3":{"name":"(anonymous_3)","decl":{"start":{"line":66,"column":16},"end":{"line":66,"column":17}},"loc":{"start":{"line":66,"column":25},"end":{"line":69,"column":5}},"line":66},"4":{"name":"(anonymous_4)","decl":{"start":{"line":72,"column":25},"end":{"line":72,"column":26}},"loc":{"start":{"line":72,"column":55},"end":{"line":96,"column":3}},"line":72},"5":{"name":"(anonymous_5)","decl":{"start":{"line":98,"column":30},"end":{"line":98,"column":31}},"loc":{"start":{"line":98,"column":69},"end":{"line":102,"column":3}},"line":98},"6":{"name":"(anonymous_6)","decl":{"start":{"line":232,"column":30},"end":{"line":232,"column":31}},"loc":{"start":{"line":233,"column":14},"end":{"line":279,"column":20}},"line":233},"7":{"name":"(anonymous_7)","decl":{"start":{"line":263,"column":33},"end":{"line":263,"column":34}},"loc":{"start":{"line":263,"column":39},"end":{"line":263,"column":80}},"line":263},"8":{"name":"(anonymous_8)","decl":{"start":{"line":271,"column":33},"end":{"line":271,"column":34}},"loc":{"start":{"line":271,"column":39},"end":{"line":271,"column":82}},"line":271}},"branchMap":{"0":{"loc":{"start":{"line":75,"column":4},"end":{"line":78,"column":5}},"type":"if","locations":[{"start":{"line":75,"column":4},"end":{"line":78,"column":5}},{"start":{},"end":{}}],"line":75},"1":{"loc":{"start":{"line":80,"column":4},"end":{"line":83,"column":5}},"type":"if","locations":[{"start":{"line":80,"column":4},"end":{"line":83,"column":5}},{"start":{},"end":{}}],"line":80},"2":{"loc":{"start":{"line":104,"column":2},"end":{"line":113,"column":3}},"type":"if","locations":[{"start":{"line":104,"column":2},"end":{"line":113,"column":3}},{"start":{},"end":{}}],"line":104},"3":{"loc":{"start":{"line":126,"column":7},"end":{"line":225,"column":7}},"type":"cond-expr","locations":[{"start":{"line":127,"column":8},"end":{"line":173,"column":14}},{"start":{"line":176,"column":8},"end":{"line":224,"column":14}}],"line":126},"4":{"loc":{"start":{"line":164,"column":19},"end":{"line":164,"column":70}},"type":"cond-expr","locations":[{"start":{"line":164,"column":57},"end":{"line":164,"column":62}},{"start":{"line":164,"column":65},"end":{"line":164,"column":70}}],"line":164},"5":{"loc":{"start":{"line":220,"column":15},"end":{"line":220,"column":61}},"type":"binary-expr","locations":[{"start":{"line":220,"column":15},"end":{"line":220,"column":26}},{"start":{"line":220,"column":30},"end":{"line":220,"column":61}}],"line":220},"6":{"loc":{"start":{"line":230,"column":9},"end":{"line":292,"column":9}},"type":"cond-expr","locations":[{"start":{"line":231,"column":10},"end":{"line":281,"column":16}},{"start":{"line":283,"column":10},"end":{"line":291,"column":16}}],"line":230},"7":{"loc":{"start":{"line":243,"column":22},"end":{"line":245,"column":87}},"type":"cond-expr","locations":[{"start":{"line":243,"column":55},"end":{"line":243,"column":72}},{"start":{"line":244,"column":22},"end":{"line":245,"column":87}}],"line":243},"8":{"loc":{"start":{"line":244,"column":22},"end":{"line":245,"column":87}},"type":"cond-expr","locations":[{"start":{"line":244,"column":57},"end":{"line":244,"column":72}},{"start":{"line":245,"column":22},"end":{"line":245,"column":87}}],"line":244},"9":{"loc":{"start":{"line":245,"column":22},"end":{"line":245,"column":87}},"type":"cond-expr","locations":[{"start":{"line":245,"column":52},"end":{"line":245,"column":68}},{"start":{"line":245,"column":71},"end":{"line":245,"column":87}}],"line":245},"10":{"loc":{"start":{"line":261,"column":21},"end":{"line":268,"column":21}},"type":"binary-expr","locations":[{"start":{"line":261,"column":21},"end":{"line":261,"column":49}},{"start":{"line":262,"column":22},"end":{"line":267,"column":31}}],"line":261},"11":{"loc":{"start":{"line":269,"column":21},"end":{"line":276,"column":21}},"type":"binary-expr","locations":[{"start":{"line":269,"column":21},"end":{"line":269,"column":53}},{"start":{"line":270,"column":22},"end":{"line":275,"column":31}}],"line":269},"12":{"loc":{"start":{"line":286,"column":15},"end":{"line":288,"column":79}},"type":"cond-expr","locations":[{"start":{"line":287,"column":18},"end":{"line":287,"column":86}},{"start":{"line":288,"column":18},"end":{"line":288,"column":79}}],"line":286}},"s":{"0":0,"1":0,"2":0,"3":0,"4":0,"5":0,"6":0,"7":0,"8":0,"9":0,"10":0,"11":0,"12":0,"13":0,"14":0,"15":0,"16":0,"17":0,"18":0,"19":0,"20":0,"21":0,"22":0,"23":0,"24":0,"25":0,"26":0,"27":0,"28":0,"29":0,"30":0,"31":0,"32":0,"33":0,"34":0,"35":0},"f":{"0":0,"1":0,"2":0,"3":0,"4":0,"5":0,"6":0,"7":0,"8":0},"b":{"0":[0,0],"1":[0,0],"2":[0,0],"3":[0,0],"4":[0,0],"5":[0,0],"6":[0,0],"7":[0,0],"8":[0,0],"9":[0,0],"10":[0,0],"11":[0,0],"12":[0,0]}}
,"/home/pierce/projects/removal.ninja/client/src/pages/Processors.tsx": {"path":"/home/pierce/projects/removal.ninja/client/src/pages/Processors.tsx","statementMap":{"0":{"start":{"line":5,"column":29},"end":{"line":167,"column":1}},"1":{"start":{"line":6,"column":18},"end":{"line":6,"column":30}},"2":{"start":{"line":8,"column":2},"end":{"line":166,"column":4}}},"fnMap":{"0":{"name":"(anonymous_0)","decl":{"start":{"line":5,"column":29},"end":{"line":5,"column":30}},"loc":{"start":{"line":5,"column":35},"end":{"line":167,"column":1}},"line":5}},"branchMap":{"0":{"loc":{"start":{"line":147,"column":7},"end":{"line":164,"column":7}},"type":"cond-expr","locations":[{"start":{"line":148,"column":8},"end":{"line":156,"column":14}},{"start":{"line":158,"column":8},"end":{"line":163,"column":14}}],"line":147}},"s":{"0":0,"1":0,"2":0},"f":{"0":0},"b":{"0":[0,0]}}
,"/home/pierce/projects/removal.ninja/client/src/pages/UserDashboard.tsx": {"path":"/home/pierce/projects/removal.ninja/client/src/pages/UserDashboard.tsx","statementMap":{"0":{"start":{"line":22,"column":36},"end":{"line":47,"column":1}},"1":{"start":{"line":49,"column":32},"end":{"line":299,"column":1}},"2":{"start":{"line":50,"column":18},"end":{"line":50,"column":30}},"3":{"start":{"line":51,"column":32},"end":{"line":51,"column":47}},"4":{"start":{"line":52,"column":40},"end":{"line":52,"column":54}},"5":{"start":{"line":53,"column":54},"end":{"line":53,"column":76}},"6":{"start":{"line":54,"column":21},"end":{"line":60,"column":4}},"7":{"start":{"line":62,"column":24},"end":{"line":64,"column":3}},"8":{"start":{"line":63,"column":4},"end":{"line":63,"column":59}},"9":{"start":{"line":66,"column":35},"end":{"line":74,"column":3}},"10":{"start":{"line":67,"column":4},"end":{"line":73,"column":7}},"11":{"start":{"line":68,"column":6},"end":{"line":72,"column":7}},"12":{"start":{"line":69,"column":8},"end":{"line":69,"column":62}},"13":{"start":{"line":69,"column":35},"end":{"line":69,"column":60}},"14":{"start":{"line":71,"column":8},"end":{"line":71,"column":43}},"15":{"start":{"line":76,"column":32},"end":{"line":108,"column":3}},"16":{"start":{"line":77,"column":4},"end":{"line":77,"column":23}},"17":{"start":{"line":79,"column":4},"end":{"line":82,"column":5}},"18":{"start":{"line":80,"column":6},"end":{"line":80,"column":48}},"19":{"start":{"line":81,"column":6},"end":{"line":81,"column":13}},"20":{"start":{"line":84,"column":4},"end":{"line":87,"column":5}},"21":{"start":{"line":85,"column":6},"end":{"line":85,"column":52}},"22":{"start":{"line":86,"column":6},"end":{"line":86,"column":13}},"23":{"start":{"line":89,"column":4},"end":{"line":92,"column":5}},"24":{"start":{"line":90,"column":6},"end":{"line":90,"column":52}},"25":{"start":{"line":91,"column":6},"end":{"line":91,"column":13}},"26":{"start":{"line":94,"column":4},"end":{"line":94,"column":21}},"27":{"start":{"line":95,"column":4},"end":{"line":107,"column":5}},"28":{"start":{"line":97,"column":6},"end":{"line":100,"column":9}},"29":{"start":{"line":101,"column":6},"end":{"line":101,"column":120}},"30":{"start":{"line":103,"column":6},"end":{"line":103,"column":45}},"31":{"start":{"line":104,"column":6},"end":{"line":104,"column":36}},"32":{"start":{"line":106,"column":6},"end":{"line":106,"column":24}},"33":{"start":{"line":110,"column":2},"end":{"line":119,"column":3}},"34":{"start":{"line":111,"column":4},"end":{"line":118,"column":6}},"35":{"start":{"line":121,"column":2},"end":{"line":298,"column":4}},"36":{"start":{"line":192,"column":33},"end":{"line":192,"column":63}},"37":{"start":{"line":212,"column":18},"end":{"line":244,"column":24}},"38":{"start":{"line":219,"column":35},"end":{"line":219,"column":78}},"39":{"start":{"line":225,"column":40},"end":{"line":225,"column":83}}},"fnMap":{"0":{"name":"(anonymous_0)","decl":{"start":{"line":49,"column":32},"end":{"line":49,"column":33}},"loc":{"start":{"line":49,"column":38},"end":{"line":299,"column":1}},"line":49},"1":{"name":"(anonymous_1)","decl":{"start":{"line":62,"column":24},"end":{"line":62,"column":25}},"loc":{"start":{"line":62,"column":53},"end":{"line":64,"column":3}},"line":62},"2":{"name":"(anonymous_2)","decl":{"start":{"line":66,"column":35},"end":{"line":66,"column":36}},"loc":{"start":{"line":66,"column":65},"end":{"line":74,"column":3}},"line":66},"3":{"name":"(anonymous_3)","decl":{"start":{"line":67,"column":26},"end":{"line":67,"column":27}},"loc":{"start":{"line":67,"column":34},"end":{"line":73,"column":5}},"line":67},"4":{"name":"(anonymous_4)","decl":{"start":{"line":69,"column":27},"end":{"line":69,"column":28}},"loc":{"start":{"line":69,"column":35},"end":{"line":69,"column":60}},"line":69},"5":{"name":"(anonymous_5)","decl":{"start":{"line":76,"column":32},"end":{"line":76,"column":33}},"loc":{"start":{"line":76,"column":62},"end":{"line":108,"column":3}},"line":76},"6":{"name":"(anonymous_6)","decl":{"start":{"line":192,"column":26},"end":{"line":192,"column":27}},"loc":{"start":{"line":192,"column":33},"end":{"line":192,"column":63}},"line":192},"7":{"name":"(anonymous_7)","decl":{"start":{"line":211,"column":36},"end":{"line":211,"column":37}},"loc":{"start":{"line":212,"column":18},"end":{"line":244,"column":24}},"line":212},"8":{"name":"(anonymous_8)","decl":{"start":{"line":219,"column":29},"end":{"line":219,"column":30}},"loc":{"start":{"line":219,"column":35},"end":{"line":219,"column":78}},"line":219},"9":{"name":"(anonymous_9)","decl":{"start":{"line":225,"column":34},"end":{"line":225,"column":35}},"loc":{"start":{"line":225,"column":40},"end":{"line":225,"column":83}},"line":225}},"branchMap":{"0":{"loc":{"start":{"line":68,"column":6},"end":{"line":72,"column":7}},"type":"if","locations":[{"start":{"line":68,"column":6},"end":{"line":72,"column":7}},{"start":{"line":70,"column":13},"end":{"line":72,"column":7}}],"line":68},"1":{"loc":{"start":{"line":79,"column":4},"end":{"line":82,"column":5}},"type":"if","locations":[{"start":{"line":79,"column":4},"end":{"line":82,"column":5}},{"start":{},"end":{}}],"line":79},"2":{"loc":{"start":{"line":84,"column":4},"end":{"line":87,"column":5}},"type":"if","locations":[{"start":{"line":84,"column":4},"end":{"line":87,"column":5}},{"start":{},"end":{}}],"line":84},"3":{"loc":{"start":{"line":89,"column":4},"end":{"line":92,"column":5}},"type":"if","locations":[{"start":{"line":89,"column":4},"end":{"line":92,"column":5}},{"start":{},"end":{}}],"line":89},"4":{"loc":{"start":{"line":110,"column":2},"end":{"line":119,"column":3}},"type":"if","locations":[{"start":{"line":110,"column":2},"end":{"line":119,"column":3}},{"start":{},"end":{}}],"line":110},"5":{"loc":{"start":{"line":142,"column":47},"end":{"line":142,"column":101}},"type":"cond-expr","locations":[{"start":{"line":142,"column":67},"end":{"line":142,"column":82}},{"start":{"line":142,"column":85},"end":{"line":142,"column":101}}],"line":142},"6":{"loc":{"start":{"line":143,"column":17},"end":{"line":143,"column":60}},"type":"cond-expr","locations":[{"start":{"line":143,"column":37},"end":{"line":143,"column":45}},{"start":{"line":143,"column":48},"end":{"line":143,"column":60}}],"line":143},"7":{"loc":{"start":{"line":167,"column":17},"end":{"line":169,"column":25}},"type":"cond-expr","locations":[{"start":{"line":168,"column":20},"end":{"line":168,"column":101}},{"start":{"line":169,"column":20},"end":{"line":169,"column":25}}],"line":167},"8":{"loc":{"start":{"line":178,"column":7},"end":{"line":259,"column":7}},"type":"binary-expr","locations":[{"start":{"line":178,"column":7},"end":{"line":178,"column":25}},{"start":{"line":179,"column":8},"end":{"line":258,"column":14}}],"line":178},"9":{"loc":{"start":{"line":215,"column":22},"end":{"line":217,"column":65}},"type":"cond-expr","locations":[{"start":{"line":216,"column":26},"end":{"line":216,"column":56}},{"start":{"line":217,"column":26},"end":{"line":217,"column":65}}],"line":215},"10":{"loc":{"start":{"line":251,"column":24},"end":{"line":251,"column":66}},"type":"binary-expr","locations":[{"start":{"line":251,"column":24},"end":{"line":251,"column":31}},{"start":{"line":251,"column":35},"end":{"line":251,"column":66}}],"line":251},"11":{"loc":{"start":{"line":254,"column":15},"end":{"line":254,"column":57}},"type":"binary-expr","locations":[{"start":{"line":254,"column":15},"end":{"line":254,"column":22}},{"start":{"line":254,"column":26},"end":{"line":254,"column":57}}],"line":254},"12":{"loc":{"start":{"line":262,"column":7},"end":{"line":273,"column":7}},"type":"binary-expr","locations":[{"start":{"line":262,"column":7},"end":{"line":262,"column":24}},{"start":{"line":263,"column":8},"end":{"line":272,"column":14}}],"line":262}},"s":{"0":0,"1":0,"2":0,"3":0,"4":0,"5":0,"6":0,"7":0,"8":0,"9":0,"10":0,"11":0,"12":0,"13":0,"14":0,"15":0,"16":0,"17":0,"18":0,"19":0,"20":0,"21":0,"22":0,"23":0,"24":0,"25":0,"26":0,"27":0,"28":0,"29":0,"30":0,"31":0,"32":0,"33":0,"34":0,"35":0,"36":0,"37":0,"38":0,"39":0},"f":{"0":0,"1":0,"2":0,"3":0,"4":0,"5":0,"6":0,"7":0,"8":0,"9":0},"b":{"0":[0,0],"1":[0,0],"2":[0,0],"3":[0,0],"4":[0,0],"5":[0,0],"6":[0,0],"7":[0,0],"8":[0,0],"9":[0,0],"10":[0,0],"11":[0,0],"12":[0,0]}}
,"/home/pierce/projects/removal.ninja/client/src/utils/formatters.ts": {"path":"/home/pierce/projects/removal.ninja/client/src/utils/formatters.ts","statementMap":{"0":{"start":{"line":2,"column":29},"end":{"line":5,"column":1}},"1":{"start":{"line":3,"column":2},"end":{"line":3,"column":26}},"2":{"start":{"line":3,"column":16},"end":{"line":3,"column":26}},"3":{"start":{"line":4,"column":2},"end":{"line":4,"column":57}},"4":{"start":{"line":7,"column":33},"end":{"line":10,"column":1}},"5":{"start":{"line":8,"column":14},"end":{"line":8,"column":70}},"6":{"start":{"line":9,"column":2},"end":{"line":9,"column":31}},"7":{"start":{"line":12,"column":29},"end":{"line":15,"column":1}},"8":{"start":{"line":13,"column":21},"end":{"line":13,"column":49}},"9":{"start":{"line":14,"column":2},"end":{"line":14,"column":32}},"10":{"start":{"line":17,"column":27},"end":{"line":24,"column":1}},"11":{"start":{"line":18,"column":2},"end":{"line":23,"column":3}},"12":{"start":{"line":19,"column":4},"end":{"line":19,"column":17}},"13":{"start":{"line":20,"column":4},"end":{"line":20,"column":16}},"14":{"start":{"line":22,"column":4},"end":{"line":22,"column":17}}},"fnMap":{"0":{"name":"(anonymous_0)","decl":{"start":{"line":2,"column":29},"end":{"line":2,"column":30}},"loc":{"start":{"line":2,"column":58},"end":{"line":5,"column":1}},"line":2},"1":{"name":"(anonymous_1)","decl":{"start":{"line":7,"column":33},"end":{"line":7,"column":34}},"loc":{"start":{"line":7,"column":92},"end":{"line":10,"column":1}},"line":7},"2":{"name":"(anonymous_2)","decl":{"start":{"line":12,"column":29},"end":{"line":12,"column":30}},"loc":{"start":{"line":12,"column":57},"end":{"line":15,"column":1}},"line":12},"3":{"name":"(anonymous_3)","decl":{"start":{"line":17,"column":27},"end":{"line":17,"column":28}},"loc":{"start":{"line":17,"column":53},"end":{"line":24,"column":1}},"line":17}},"branchMap":{"0":{"loc":{"start":{"line":3,"column":2},"end":{"line":3,"column":26}},"type":"if","locations":[{"start":{"line":3,"column":2},"end":{"line":3,"column":26}},{"start":{},"end":{}}],"line":3},"1":{"loc":{"start":{"line":7,"column":59},"end":{"line":7,"column":79}},"type":"default-arg","locations":[{"start":{"line":7,"column":78},"end":{"line":7,"column":79}}],"line":7},"2":{"loc":{"start":{"line":8,"column":14},"end":{"line":8,"column":70}},"type":"cond-expr","locations":[{"start":{"line":8,"column":43},"end":{"line":8,"column":61}},{"start":{"line":8,"column":64},"end":{"line":8,"column":70}}],"line":8}},"s":{"0":0,"1":0,"2":0,"3":0,"4":0,"5":0,"6":0,"7":0,"8":0,"9":0,"10":0,"11":0,"12":0,"13":0,"14":0},"f":{"0":0,"1":0,"2":0,"3":0},"b":{"0":[0,0],"1":[0],"2":[0,0]}}
}
