TN:
SF:src/App.tsx
FN:14,App
FNF:1
FNH:0
FNDA:0,App
DA:12,0
DA:15,0
LF:2
LH:0
BRDA:12,0,0,0
BRDA:12,0,1,0
BRF:2
BRH:0
end_of_record
TN:
SF:src/index.tsx
FNF:0
FNH:0
DA:7,0
DA:11,0
LF:2
LH:0
BRF:0
BRH:0
end_of_record
TN:
SF:src/components/Header.tsx
FN:5,(anonymous_0)
FN:10,(anonymous_1)
FNF:2
FNH:0
FNDA:0,(anonymous_0)
FNDA:0,(anonymous_1)
DA:5,0
DA:6,0
DA:7,0
DA:8,0
DA:10,0
DA:11,0
DA:12,0
DA:15,0
LF:8
LH:0
BRDA:11,0,0,0
BRDA:11,0,1,0
BRDA:38,1,0,0
BRDA:38,1,1,0
BRDA:57,2,0,0
BRDA:57,2,1,0
BRF:6
BRH:0
end_of_record
TN:
SF:src/pages/DataBrokers.tsx
FN:51,(anonymous_0)
FN:63,(anonymous_1)
FN:65,(anonymous_2)
FN:71,(anonymous_3)
FN:93,(anonymous_4)
FN:109,(anonymous_5)
FN:175,(anonymous_6)
FN:193,(anonymous_7)
FN:213,(anonymous_8)
FNF:9
FNH:0
FNDA:0,(anonymous_0)
FNDA:0,(anonymous_1)
FNDA:0,(anonymous_2)
FNDA:0,(anonymous_3)
FNDA:0,(anonymous_4)
FNDA:0,(anonymous_5)
FNDA:0,(anonymous_6)
FNDA:0,(anonymous_7)
FNDA:0,(anonymous_8)
DA:15,0
DA:51,0
DA:52,0
DA:53,0
DA:54,0
DA:55,0
DA:56,0
DA:57,0
DA:63,0
DA:64,0
DA:65,0
DA:71,0
DA:72,0
DA:73,0
DA:74,0
DA:75,0
DA:78,0
DA:79,0
DA:81,0
DA:82,0
DA:83,0
DA:84,0
DA:86,0
DA:87,0
DA:89,0
DA:93,0
DA:94,0
DA:97,0
DA:109,0
DA:175,0
DA:193,0
DA:214,0
LF:32
LH:0
BRDA:73,0,0,0
BRDA:73,0,1,0
BRDA:107,1,0,0
BRDA:107,1,1,0
BRDA:112,2,0,0
BRDA:112,2,1,0
BRDA:118,3,0,0
BRDA:118,3,1,0
BRDA:170,4,0,0
BRDA:170,4,1,0
BRDA:207,5,0,0
BRDA:207,5,1,0
BRDA:217,6,0,0
BRDA:217,6,1,0
BRDA:234,7,0,0
BRDA:234,7,1,0
BRDA:236,8,0,0
BRDA:236,8,1,0
BRDA:258,9,0,0
BRDA:258,9,1,0
BRF:20
BRH:0
end_of_record
TN:
SF:src/pages/Home.tsx
FN:5,(anonymous_0)
FNF:1
FNH:0
FNDA:0,(anonymous_0)
DA:5,0
DA:6,0
DA:8,0
LF:3
LH:0
BRDA:16,0,0,0
BRDA:16,0,1,0
BRDA:117,1,0,0
BRDA:117,1,1,0
BRF:4
BRH:0
end_of_record
TN:
SF:src/pages/ProcessorDashboard.tsx
FN:43,(anonymous_0)
FN:60,(anonymous_1)
FN:64,(anonymous_2)
FN:66,(anonymous_3)
FN:72,(anonymous_4)
FN:98,(anonymous_5)
FN:232,(anonymous_6)
FN:263,(anonymous_7)
FN:271,(anonymous_8)
FNF:9
FNH:0
FNDA:0,(anonymous_0)
FNDA:0,(anonymous_1)
FNDA:0,(anonymous_2)
FNDA:0,(anonymous_3)
FNDA:0,(anonymous_4)
FNDA:0,(anonymous_5)
FNDA:0,(anonymous_6)
FNDA:0,(anonymous_7)
FNDA:0,(anonymous_8)
DA:24,0
DA:43,0
DA:44,0
DA:45,0
DA:46,0
DA:55,0
DA:60,0
DA:61,0
DA:64,0
DA:65,0
DA:66,0
DA:72,0
DA:73,0
DA:75,0
DA:76,0
DA:77,0
DA:80,0
DA:81,0
DA:82,0
DA:85,0
DA:86,0
DA:88,0
DA:89,0
DA:91,0
DA:92,0
DA:94,0
DA:98,0
DA:100,0
DA:101,0
DA:104,0
DA:105,0
DA:115,0
DA:233,0
DA:263,0
DA:271,0
LF:35
LH:0
BRDA:75,0,0,0
BRDA:75,0,1,0
BRDA:80,1,0,0
BRDA:80,1,1,0
BRDA:104,2,0,0
BRDA:104,2,1,0
BRDA:126,3,0,0
BRDA:126,3,1,0
BRDA:164,4,0,0
BRDA:164,4,1,0
BRDA:220,5,0,0
BRDA:220,5,1,0
BRDA:230,6,0,0
BRDA:230,6,1,0
BRDA:243,7,0,0
BRDA:243,7,1,0
BRDA:244,8,0,0
BRDA:244,8,1,0
BRDA:245,9,0,0
BRDA:245,9,1,0
BRDA:261,10,0,0
BRDA:261,10,1,0
BRDA:269,11,0,0
BRDA:269,11,1,0
BRDA:286,12,0,0
BRDA:286,12,1,0
BRF:26
BRH:0
end_of_record
TN:
SF:src/pages/Processors.tsx
FN:5,(anonymous_0)
FNF:1
FNH:0
FNDA:0,(anonymous_0)
DA:5,0
DA:6,0
DA:8,0
LF:3
LH:0
BRDA:147,0,0,0
BRDA:147,0,1,0
BRF:2
BRH:0
end_of_record
TN:
SF:src/pages/UserDashboard.tsx
FN:49,(anonymous_0)
FN:62,(anonymous_1)
FN:66,(anonymous_2)
FN:67,(anonymous_3)
FN:69,(anonymous_4)
FN:76,(anonymous_5)
FN:192,(anonymous_6)
FN:211,(anonymous_7)
FN:219,(anonymous_8)
FN:225,(anonymous_9)
FNF:10
FNH:0
FNDA:0,(anonymous_0)
FNDA:0,(anonymous_1)
FNDA:0,(anonymous_2)
FNDA:0,(anonymous_3)
FNDA:0,(anonymous_4)
FNDA:0,(anonymous_5)
FNDA:0,(anonymous_6)
FNDA:0,(anonymous_7)
FNDA:0,(anonymous_8)
FNDA:0,(anonymous_9)
DA:22,0
DA:49,0
DA:50,0
DA:51,0
DA:52,0
DA:53,0
DA:54,0
DA:62,0
DA:63,0
DA:66,0
DA:67,0
DA:68,0
DA:69,0
DA:71,0
DA:76,0
DA:77,0
DA:79,0
DA:80,0
DA:81,0
DA:84,0
DA:85,0
DA:86,0
DA:89,0
DA:90,0
DA:91,0
DA:94,0
DA:95,0
DA:97,0
DA:101,0
DA:103,0
DA:104,0
DA:106,0
DA:110,0
DA:111,0
DA:121,0
DA:192,0
DA:212,0
DA:219,0
DA:225,0
LF:39
LH:0
BRDA:68,0,0,0
BRDA:68,0,1,0
BRDA:79,1,0,0
BRDA:79,1,1,0
BRDA:84,2,0,0
BRDA:84,2,1,0
BRDA:89,3,0,0
BRDA:89,3,1,0
BRDA:110,4,0,0
BRDA:110,4,1,0
BRDA:142,5,0,0
BRDA:142,5,1,0
BRDA:143,6,0,0
BRDA:143,6,1,0
BRDA:167,7,0,0
BRDA:167,7,1,0
BRDA:178,8,0,0
BRDA:178,8,1,0
BRDA:215,9,0,0
BRDA:215,9,1,0
BRDA:251,10,0,0
BRDA:251,10,1,0
BRDA:254,11,0,0
BRDA:254,11,1,0
BRDA:262,12,0,0
BRDA:262,12,1,0
BRF:26
BRH:0
end_of_record
TN:
SF:src/utils/formatters.ts
FN:2,(anonymous_0)
FN:7,(anonymous_1)
FN:12,(anonymous_2)
FN:17,(anonymous_3)
FNF:4
FNH:0
FNDA:0,(anonymous_0)
FNDA:0,(anonymous_1)
FNDA:0,(anonymous_2)
FNDA:0,(anonymous_3)
DA:2,0
DA:3,0
DA:4,0
DA:7,0
DA:8,0
DA:9,0
DA:12,0
DA:13,0
DA:14,0
DA:17,0
DA:18,0
DA:19,0
DA:20,0
DA:22,0
LF:14
LH:0
BRDA:3,0,0,0
BRDA:3,0,1,0
BRDA:7,1,0,0
BRDA:8,2,0,0
BRDA:8,2,1,0
BRF:5
BRH:0
end_of_record
